nohup: ignoring input

> banda_larga_fe@1.0.0 dev
> webpack serve --config webpack.config.js --mode development

<i> [webpack-dev-server] [HPM] Proxy created: /api  -> https://dacosta-vm.nubilaria.corp/banda_larga_backend
<i> [webpack-dev-server] Project is running at:
<i> [webpack-dev-server] Loopback: http://localhost:3000/
<i> [webpack-dev-server] On Your Network (IPv4): http://10.146.102.21:3000/
<i> [webpack-dev-server] Content not from webpack is served from '/home/carlo.colombo/projects/banda_larga_fe/dist' directory
<i> [webpack-dev-server] 404s will fallback to '/index.html'
assets by chunk 1.04 MiB (name: main)
  asset bundle.js 1.04 MiB [emitted] (name: main)
  asset styles/main.css 4.67 KiB [emitted] (name: main)
assets by path images/*.png 223 KiB
  asset images/4@2x.png 118 KiB [emitted] [from: src/assets/img/4@2x.png] (auxiliary name: main)
  asset images/1@2x.png 105 KiB [emitted] [from: src/assets/img/1@2x.png] (auxiliary name: main)
asset index.html 661 bytes [emitted]
Entrypoint main 1.04 MiB (223 KiB) = styles/main.css 4.67 KiB bundle.js 1.04 MiB 2 auxiliary assets
runtime modules 43.2 KiB 23 modules
orphan modules 7.51 KiB [orphan] 4 modules
javascript modules 932 KiB
  modules by path ./src/ 702 KiB 53 modules
  modules by path ./node_modules/ 230 KiB 29 modules
css modules 3.97 KiB
  css ./node_modules/css-loader/dist/cjs.js!./src/styles/fonts.css 100 bytes [built] [code generated]
  css ./node_modules/css-loader/dist/cjs.js!./src/styles/fonts.css (1) 1.02 KiB [built] [code generated]
  css ./node_modules/css-loader/dist/cjs.js!./src/styles/main.css 2.86 KiB [built] [code generated]
asset modules 223 KiB (asset) 84 bytes (javascript)
  ./src/assets/img/1@2x.png 105 KiB (asset) 42 bytes (javascript) [built] [code generated]
  ./src/assets/img/4@2x.png 118 KiB (asset) 42 bytes (javascript) [built] [code generated]
webpack 5.99.9 compiled successfully in 5609 ms
